\BOOKMARK [1][-]{section.1}{\376\377\000I\000n\000t\000r\000o\000d\000u\000c\000t\000i\000o\000n}{}% 1
\BOOKMARK [1][-]{section.2}{\376\377\000R\000e\000v\000i\000s\000i\000o\000n\000s\000\040\000t\000o\000\040\000t\000h\000e\000\040\000C\000o\000r\000e\000\040\000A\000r\000c\000h\000i\000t\000e\000c\000t\000u\000r\000e}{}% 2
\BOOKMARK [2][-]{subsection.2.1}{\376\377\000M\000o\000t\000i\000v\000a\000t\000i\000o\000n\000:\000\040\000S\000t\000a\000t\000i\000c\000\040\000X\000M\000L\000\040\000t\000o\000\040\000D\000y\000n\000a\000m\000i\000c\000\040\000C\000l\000a\000s\000s\000\040\000S\000t\000r\000u\000c\000t\000u\000r\000e}{section.2}% 3
\BOOKMARK [2][-]{subsection.2.2}{\376\377\000T\000h\000e\000\040\000F\000E\000F\000\040\000D\000e\000c\000o\000u\000p\000l\000i\000n\000g\000\040\000S\000t\000r\000a\000t\000e\000g\000y}{section.2}% 4
\BOOKMARK [3][-]{subsubsection.2.2.1}{\376\377\000P\000r\000o\000b\000l\000e\000m\000\040\000w\000i\000t\000h\000\040\000S\000t\000a\000t\000i\000c\000\040\000A\000t\000t\000r\000i\000b\000u\000t\000e\000s}{subsection.2.2}% 5
\BOOKMARK [3][-]{subsubsection.2.2.2}{\376\377\000S\000o\000l\000u\000t\000i\000o\000n\000:\000\040\000S\000p\000e\000c\000i\000a\000l\000i\000z\000e\000d\000\040\000T\000e\000m\000p\000e\000r\000a\000t\000u\000r\000e\000L\000\040\000C\000l\000a\000s\000s}{subsection.2.2}% 6
\BOOKMARK [2][-]{subsection.2.3}{\376\377\000E\000n\000h\000a\000n\000c\000e\000d\000\040\000X\000M\000L\000\040\000P\000a\000r\000s\000e\000r\000\040\000w\000i\000t\000h\000\040\000E\000x\000p\000r\000e\000s\000s\000i\000v\000e\000\040\000T\000a\000g\000s}{section.2}% 7
\BOOKMARK [2][-]{subsection.2.4}{\376\377\000D\000o\000m\000a\000i\000n\000\040\000M\000o\000d\000e\000l\000\040\000C\000l\000a\000s\000s\000\040\000H\000i\000e\000r\000a\000r\000c\000h\000y}{section.2}% 8
\BOOKMARK [1][-]{section.3}{\376\377\000O\000b\000j\000e\000c\000t\000-\000O\000r\000i\000e\000n\000t\000e\000d\000\040\000D\000e\000s\000i\000g\000n}{}% 9
\BOOKMARK [2][-]{subsection.3.1}{\376\377\000C\000l\000a\000s\000s\000\040\000D\000i\000a\000g\000r\000a\000m\000:\000\040\000D\000o\000m\000a\000i\000n\000\040\000M\000o\000d\000e\000l}{section.3}% 10
\BOOKMARK [2][-]{subsection.3.2}{\376\377\000C\000l\000a\000s\000s\000\040\000D\000i\000a\000g\000r\000a\000m\000:\000\040\000A\000n\000a\000l\000y\000s\000i\000s\000\040\000L\000o\000g\000i\000c}{section.3}% 11
\BOOKMARK [2][-]{subsection.3.3}{\376\377\000C\000l\000a\000s\000s\000\040\000D\000i\000a\000g\000r\000a\000m\000:\000\040\000S\000y\000s\000t\000e\000m\000\040\000A\000r\000c\000h\000i\000t\000e\000c\000t\000u\000r\000e}{section.3}% 12
\BOOKMARK [2][-]{subsection.3.4}{\376\377\000A\000c\000t\000i\000v\000i\000t\000y\000\040\000D\000i\000a\000g\000r\000a\000m\000:\000\040\000S\000o\000l\000v\000e\000r\000\040\000W\000o\000r\000k\000f\000l\000o\000w}{section.3}% 13
\BOOKMARK [2][-]{subsection.3.5}{\376\377\000S\000e\000q\000u\000e\000n\000c\000e\000\040\000D\000i\000a\000g\000r\000a\000m\000:\000\040\000I\000n\000t\000e\000r\000a\000c\000t\000i\000o\000n\000\040\000P\000r\000o\000t\000o\000c\000o\000l}{section.3}% 14
\BOOKMARK [1][-]{section.4}{\376\377\000Q\0001\000\040\040\024\000\040\000F\000e\000a\000t\000u\000r\000e\000\040\000I\000m\000p\000l\000e\000m\000e\000n\000t\000a\000t\000i\000o\000n}{}% 15
\BOOKMARK [2][-]{subsection.4.1}{\376\377\000T\000e\000m\000p\000e\000r\000a\000t\000u\000r\000e\000\040\000L\000o\000a\000d\000i\000n\000g\000\040\000\050\000P\000a\000r\000t\000\040\000a\000\051}{section.4}% 16
\BOOKMARK [3][-]{subsubsection.4.1.1}{\376\377\000L\000i\000n\000e\000a\000r\000\040\000T\000h\000e\000r\000m\000a\000l\000\040\000P\000r\000o\000f\000i\000l\000e\000\040\000D\000e\000c\000o\000m\000p\000o\000s\000i\000t\000i\000o\000n}{subsection.4.1}% 17
\BOOKMARK [3][-]{subsubsection.4.1.2}{\376\377\000F\000i\000x\000e\000d\000-\000E\000n\000d\000\040\000F\000o\000r\000c\000e\000\040\000F\000o\000r\000m\000u\000l\000a\000t\000i\000o\000n}{subsection.4.1}% 18
\BOOKMARK [3][-]{subsubsection.4.1.3}{\376\377\000I\000m\000p\000l\000e\000m\000e\000n\000t\000a\000t\000i\000o\000n\000\040\000i\000n\000\040\000T\000e\000m\000p\000e\000r\000a\000t\000u\000r\000e\000L\000\040\000C\000l\000a\000s\000s}{subsection.4.1}% 19
\BOOKMARK [3][-]{subsubsection.4.1.4}{\376\377\000P\000h\000y\000s\000i\000c\000a\000l\000\040\000I\000n\000t\000e\000r\000p\000r\000e\000t\000a\000t\000i\000o\000n}{subsection.4.1}% 20
\BOOKMARK [2][-]{subsection.4.2}{\376\377\000S\000u\000p\000p\000o\000r\000t\000\040\000S\000e\000t\000t\000l\000e\000m\000e\000n\000t\000s\000\040\000\050\000P\000a\000r\000t\000\040\000b\000\051}{section.4}% 21
\BOOKMARK [3][-]{subsubsection.4.2.1}{\376\377\000M\000a\000t\000r\000i\000x\000\040\000P\000a\000r\000t\000i\000t\000i\000o\000n\000i\000n\000g\000\040\000S\000t\000r\000a\000t\000e\000g\000y}{subsection.4.2}% 22
\BOOKMARK [3][-]{subsubsection.4.2.2}{\376\377\000S\000e\000t\000t\000l\000e\000m\000e\000n\000t\000-\000I\000n\000d\000u\000c\000e\000d\000\040\000E\000l\000e\000m\000e\000n\000t\000\040\000F\000o\000r\000c\000e\000s}{subsection.4.2}% 23
\BOOKMARK [3][-]{subsubsection.4.2.3}{\376\377\000P\000o\000s\000t\000-\000P\000r\000o\000c\000e\000s\000s\000i\000n\000g\000:\000\040\000S\000t\000i\000t\000c\000h\000i\000n\000g\000\040\000C\000o\000m\000p\000l\000e\000t\000e\000\040\000D\000i\000s\000p\000l\000a\000c\000e\000m\000e\000n\000t\000s}{subsection.4.2}% 24
\BOOKMARK [3][-]{subsubsection.4.2.4}{\376\377\000E\000x\000t\000e\000n\000d\000e\000d\000\040\000S\000u\000p\000p\000o\000r\000t\000\040\000D\000a\000t\000a\000c\000l\000a\000s\000s}{subsection.4.2}% 25
\BOOKMARK [3][-]{subsubsection.4.2.5}{\376\377\000P\000h\000y\000s\000i\000c\000a\000l\000\040\000I\000n\000t\000e\000r\000p\000r\000e\000t\000a\000t\000i\000o\000n}{subsection.4.2}% 26
\BOOKMARK [1][-]{section.5}{\376\377\000Q\0002\000\040\040\024\000\040\000N\000u\000m\000e\000r\000i\000c\000a\000l\000\040\000A\000n\000a\000l\000y\000s\000i\000s\000\040\000a\000n\000d\000\040\000V\000a\000l\000i\000d\000a\000t\000i\000o\000n}{}% 27
\BOOKMARK [2][-]{subsection.5.1}{\376\377\000V\000a\000l\000i\000d\000a\000t\000i\000o\000n\000\040\000M\000e\000t\000h\000o\000d\000o\000l\000o\000g\000y}{section.5}% 28
\BOOKMARK [2][-]{subsection.5.2}{\376\377\000P\000a\000r\000t\000\040\000a\000:\000\040\000S\000e\000t\000t\000l\000e\000m\000e\000n\000t\000\040\000A\000n\000a\000l\000y\000s\000i\000s}{section.5}% 29
\BOOKMARK [3][-]{subsubsection.5.2.1}{\376\377\000P\000r\000o\000b\000l\000e\000m\000\040\000S\000t\000a\000t\000e\000m\000e\000n\000t}{subsection.5.2}% 30
\BOOKMARK [3][-]{subsubsection.5.2.2}{\376\377\000S\000o\000l\000u\000t\000i\000o\000n\000:\000\040\000N\000o\000d\000a\000l\000\040\000D\000i\000s\000p\000l\000a\000c\000e\000m\000e\000n\000t\000s}{subsection.5.2}% 31
\BOOKMARK [3][-]{subsubsection.5.2.3}{\376\377\000S\000o\000l\000u\000t\000i\000o\000n\000:\000\040\000S\000u\000p\000p\000o\000r\000t\000\040\000R\000e\000a\000c\000t\000i\000o\000n\000s}{subsection.5.2}% 32
\BOOKMARK [3][-]{subsubsection.5.2.4}{\376\377\000S\000o\000l\000u\000t\000i\000o\000n\000:\000\040\000M\000e\000m\000b\000e\000r\000-\000E\000n\000d\000\040\000F\000o\000r\000c\000e\000s}{subsection.5.2}% 33
\BOOKMARK [3][-]{subsubsection.5.2.5}{\376\377\000V\000a\000l\000i\000d\000a\000t\000i\000o\000n\000\040\000S\000u\000m\000m\000a\000r\000y}{subsection.5.2}% 34
\BOOKMARK [3][-]{subsubsection.5.2.6}{\376\377\000S\000A\000P\0002\0000\0000\0000\000\040\000M\000o\000d\000e\000l\000\040\040\024\000\040\000S\000e\000t\000t\000l\000e\000m\000e\000n\000t\000\040\000C\000a\000s\000e\000\040\000\050\000Q\0002\000a\000\051}{subsection.5.2}% 35
\BOOKMARK [3][-]{subsubsection.5.2.7}{\376\377\000S\000o\000l\000v\000e\000r\000\040\000R\000e\000s\000u\000l\000t\000s\000\040\040\024\000\040\000S\000e\000t\000t\000l\000e\000m\000e\000n\000t\000\040\000C\000a\000s\000e\000\040\000\050\000Q\0002\000a\000\051}{subsection.5.2}% 36
\BOOKMARK [2][-]{subsection.5.3}{\376\377\000P\000a\000r\000t\000\040\000b\000:\000\040\000T\000h\000e\000r\000m\000a\000l\000\040\000L\000o\000a\000d\000i\000n\000g\000\040\000A\000n\000a\000l\000y\000s\000i\000s}{section.5}% 37
\BOOKMARK [3][-]{subsubsection.5.3.1}{\376\377\000P\000r\000o\000b\000l\000e\000m\000\040\000S\000t\000a\000t\000e\000m\000e\000n\000t}{subsection.5.3}% 38
\BOOKMARK [3][-]{subsubsection.5.3.2}{\376\377\000S\000o\000l\000u\000t\000i\000o\000n\000:\000\040\000N\000o\000d\000a\000l\000\040\000D\000i\000s\000p\000l\000a\000c\000e\000m\000e\000n\000t\000s}{subsection.5.3}% 39
\BOOKMARK [3][-]{subsubsection.5.3.3}{\376\377\000S\000o\000l\000u\000t\000i\000o\000n\000:\000\040\000M\000e\000m\000b\000e\000r\000-\000E\000n\000d\000\040\000F\000o\000r\000c\000e\000s}{subsection.5.3}% 40
\BOOKMARK [3][-]{subsubsection.5.3.4}{\376\377\000S\000o\000l\000u\000t\000i\000o\000n\000:\000\040\000S\000u\000p\000p\000o\000r\000t\000\040\000R\000e\000a\000c\000t\000i\000o\000n\000s}{subsection.5.3}% 41
\BOOKMARK [3][-]{subsubsection.5.3.5}{\376\377\000V\000a\000l\000i\000d\000a\000t\000i\000o\000n\000\040\000S\000u\000m\000m\000a\000r\000y}{subsection.5.3}% 42
\BOOKMARK [3][-]{subsubsection.5.3.6}{\376\377\000S\000A\000P\0002\0000\0000\0000\000\040\000M\000o\000d\000e\000l\000\040\040\024\000\040\000T\000h\000e\000r\000m\000a\000l\000\040\000C\000a\000s\000e\000\040\000\050\000Q\0002\000b\000\051}{subsection.5.3}% 43
\BOOKMARK [3][-]{subsubsection.5.3.7}{\376\377\000S\000o\000l\000v\000e\000r\000\040\000R\000e\000s\000u\000l\000t\000s\000\040\040\024\000\040\000T\000h\000e\000r\000m\000a\000l\000\040\000C\000a\000s\000e\000\040\000\050\000Q\0002\000b\000\051}{subsection.5.3}% 44
\BOOKMARK [3][-]{subsubsection.5.3.8}{\376\377\000R\000e\000g\000r\000e\000s\000s\000i\000o\000n\000\040\000T\000e\000s\000t\000\040\000C\000o\000n\000c\000l\000u\000s\000i\000o\000n}{subsection.5.3}% 45
\BOOKMARK [1][-]{section.6}{\376\377\000T\000e\000s\000t\000i\000n\000g\000\040\000a\000n\000d\000\040\000R\000e\000l\000i\000a\000b\000i\000l\000i\000t\000y}{}% 46
\BOOKMARK [2][-]{subsection.6.1}{\376\377\000C\000o\000m\000p\000r\000e\000h\000e\000n\000s\000i\000v\000e\000\040\000T\000e\000s\000t\000i\000n\000g\000\040\000S\000u\000i\000t\000e}{section.6}% 47
\BOOKMARK [2][-]{subsection.6.2}{\376\377\000T\000h\000e\000r\000m\000a\000l\000\040\000U\000n\000i\000t\000\040\000T\000e\000s\000t\000s}{section.6}% 48
\BOOKMARK [2][-]{subsection.6.3}{\376\377\000I\000n\000t\000e\000r\000f\000a\000c\000e\000\040\000T\000e\000s\000t\000s}{section.6}% 49
\BOOKMARK [2][-]{subsection.6.4}{\376\377\000B\000a\000c\000k\000w\000a\000r\000d\000\040\000C\000o\000m\000p\000a\000t\000i\000b\000i\000l\000i\000t\000y\000\040\000a\000n\000d\000\040\000R\000e\000g\000r\000e\000s\000s\000i\000o\000n\000\040\000S\000u\000i\000t\000e}{section.6}% 50
\BOOKMARK [2][-]{subsection.6.5}{\376\377\000T\000e\000s\000t\000\040\000R\000e\000s\000u\000l\000t\000s\000\040\000S\000u\000m\000m\000a\000r\000y}{section.6}% 51
\BOOKMARK [1][-]{section.7}{\376\377\000C\000o\000n\000c\000l\000u\000s\000i\000o\000n}{}% 52
\BOOKMARK [1][-]{section.8}{\376\377\000A\000I\000\040\000U\000s\000e\000\040\000A\000c\000k\000n\000o\000w\000l\000e\000d\000g\000e\000m\000e\000n\000t}{}% 53
\BOOKMARK [1][-]{appendix.A}{\376\377\000C\000o\000d\000e\000\040\000R\000e\000f\000e\000r\000e\000n\000c\000e\000s}{}% 54
\BOOKMARK [1][-]{appendix.B}{\376\377\000N\000o\000t\000a\000t\000i\000o\000n\000\040\000a\000n\000d\000\040\000C\000o\000n\000v\000e\000n\000t\000i\000o\000n\000s}{}% 55
