

 SAP2000 v16.1.1 Ultimate (Analysis Build 9194/32)
 File: C:\Users\MOHAMMAD UMAIR...CE4011\Assignment 3\case1_truss\case1_truss.LOG




 B E G I N   A N A L Y S I S                                2014/05/01  00:02:37


 RUNNING ANALYSIS WITHIN THE GUI PROCESS
 USING THE ADVANCED SOLVER (PROVIDES LIMITED INSTABILITY INFORMATION)

 NUMBER OF JOINTS                          =          12
    WITH RESTRAINTS                        =           2
 NUMBER OF FRAME/CABLE/TENDON ELEMENTS     =          26
 NUMBER OF LOAD PATTERNS                   =           2
 NUMBER OF ACCELERATION LOADS              =           6
 NUMBER OF LOAD CASES                      =           1


 E L E M E N T   F O R M A T I O N                                      00:02:37



 L I N E A R   E Q U A T I O N   S O L U T I O N                        00:02:37

 FORMING STIFFNESS AT ZERO (UNSTRESSED) INITIAL CONDITIONS

 TOTAL NUMBER OF EQUILIBRIUM EQUATIONS     =          21
 NUMBER OF NON-ZERO STIFFNESS TERMS        =         117

 NUMBER OF EIGENVALUES BELOW SHIFT         =           0


 L I N E A R   S T A T I C   C A S E S                                  00:02:37

 USING STIFFNESS AT ZERO (UNSTRESSED) INITIAL CONDITIONS

 TOTAL NUMBER OF CASES TO SOLVE            =           1
 NUMBER OF CASES TO SOLVE PER BLOCK        =           1

 LINEAR STATIC CASES TO BE SOLVED:

 CASE: LIVE


 A N A L Y S I S   C O M P L E T E                          2014/05/01  00:02:37
